19:12:37.940 [main                     ] DEBUG Logger               - Configured Logger
19:12:37.961 [main                     ] DEBUG GameApplication      - Logging settings
Title: Basic Game App
Version: 0.1
Width: 600
Height: 600
Fullscreen: false
Intro: false
Profiling: false
Single step:false
App Mode: DEVELOPER
Menu Key: ESCAPE
Stage Style: DECORATED
Scene Factory: class com.almasb.fxgl.app.scene.SceneFactory

19:12:38.187 [JavaFX Application Thread] DEBUG FXGLApplication      - Initializing FXGL
19:12:38.190 [JavaFX Application Thread] INFO  Engine               - FXGL-17.3 (30.03.2023 11.49) on WINDOWS (J:21.0.1 FX:21)
19:12:38.191 [JavaFX Application Thread] DEBUG Engine               - JRE Vendor Name: Oracle Corporation
19:12:38.191 [JavaFX Application Thread] DEBUG Engine               - Running on OS: Windows 10 version 10.0
19:12:38.191 [JavaFX Application Thread] DEBUG Engine               - Architecture: amd64
19:12:38.191 [JavaFX Application Thread] INFO  Engine               - Source code and latest versions at: https://github.com/AlmasB/FXGL
19:12:38.191 [JavaFX Application Thread] INFO  Engine               -       Ask questions and discuss at: https://github.com/AlmasB/FXGL/discussions
19:12:38.191 [JavaFX Application Thread] INFO  Engine               -              Join the FXGL chat at: https://gitter.im/AlmasB/FXGL
19:12:38.282 [JavaFX Application Thread] DEBUG PrimaryStageWindow   - Creating a JavaFX scene
19:12:38.326 [JavaFX Application Thread] DEBUG PrimaryStageWindow   - Target settings size: 600.0 x 600.0
19:12:38.326 [JavaFX Application Thread] DEBUG PrimaryStageWindow   - Scaled scene size:    600.0 x 600.0
19:12:38.327 [JavaFX Application Thread] DEBUG PrimaryStageWindow   - Scaled ratio: (1.0, 1.0)
19:12:38.328 [JavaFX Application Thread] DEBUG PrimaryStageWindow   - Set initial scene to FXGLStartupScene
19:12:38.331 [JavaFX Application Thread] DEBUG PrimaryStageWindow   - Opening main window
19:12:38.391 [JavaFX Application Thread] DEBUG PrimaryStageWindow   - Window border size: (16.0, 39.0)
19:12:38.391 [JavaFX Application Thread] DEBUG PrimaryStageWindow   - Scaled size: 600.0 x 600.0
19:12:38.391 [JavaFX Application Thread] DEBUG PrimaryStageWindow   - Scaled ratio: (1.0, 1.0)
19:12:38.392 [JavaFX Application Thread] DEBUG PrimaryStageWindow   - Scene size: 600.0 x 600.0
19:12:38.392 [JavaFX Application Thread] DEBUG PrimaryStageWindow   - Stage size: 616.0 x 639.0
19:12:38.421 [FXGL Background Thread 1 ] DEBUG Engine               - Initializing environment variables
19:12:38.474 [FXGL Background Thread 1 ] DEBUG FXGLAssetLoaderServi - User app class for loading assets: class com.fx.gamejava.GameApp
19:12:38.474 [FXGL Background Thread 1 ] DEBUG GameApplicationServi - Applying CSS: fxgl_dark.css
19:12:38.475 [FXGL Background Thread 1 ] DEBUG FXGLAssetLoaderServi - Loading from file system: jar:file:///C:/Users/CC/.m2/repository/com/github/almasb/fxgl/17.3/fxgl-17.3.jar!/fxglassets/ui/css/fxgl_dark.css
19:12:38.524 [FXGL Background Thread 1 ] DEBUG GameApplicationServi - Initializing application scenes
19:12:38.601 [FXGL Background Thread 1 ] DEBUG GameWorld            - Game world initialized
19:12:38.669 [FXGL Background Thread 1 ] DEBUG PhysicsWorld         - Physics world initialized: appHeight=600, physics.ppm=50,0
19:12:38.669 [FXGL Background Thread 1 ] DEBUG PhysicsWorld         - Using strategy: BRUTE_FORCE
19:12:38.673 [FXGL Background Thread 1 ] DEBUG GameScene            - Game scene initialized: 600x600
19:12:38.686 [FXGL Background Thread 1 ] WARN  FXGL.DefaultMenu     - FXGLDefaultMenu is not designed for resolutions < 800x600
19:12:38.686 [FXGL Background Thread 1 ] DEBUG FXGL.DefaultMenu     - createMenuBodyGameMenu()
19:12:38.702 [FXGL Background Thread 1 ] DEBUG FXGL.DefaultMenu     - createOptionsMenu()
19:12:38.712 [FXGL Background Thread 1 ] DEBUG FXGLAssetLoaderServi - Loading from file system: jar:file:///C:/Users/CC/.m2/repository/com/github/almasb/fxgl/17.3/fxgl-17.3.jar!/fxglassets/textures/particles/smoke.png
19:12:38.801 [FXGL Background Thread 1 ] DEBUG FXGLAssetLoaderServi - Loading from file system: jar:file:///C:/Users/CC/.m2/repository/com/github/almasb/fxgl/17.3/fxgl-17.3.jar!/fxglassets/textures/particles/trace_horizontal.png
19:12:38.826 [FXGL Background Thread 1 ] DEBUG GameApplicationServi - Application scenes initialized
19:12:38.837 [FXGL Background Thread 1 ] DEBUG SystemBundleService  - Loading FXGL system data
19:12:38.841 [FXGL Background Thread 1 ] DEBUG FileSystemAccess     - Reading from: C:\Users\CC\Desktop\GameJava\system\fxgl.bundle
19:12:38.850 [FXGL Background Thread 1 ] DEBUG SystemBundleService  - Bundle FXGL: {}
19:12:38.850 [FXGL Background Thread 1 ] DEBUG UpdaterService       - Checking for updates
19:12:38.855 [FXGL Background Thread 1 ] DEBUG FXGLApplication      - Loading default localization
19:12:38.856 [FXGL Background Thread 1 ] DEBUG FXGLAssetLoaderServi - Loading from file system: jar:file:///C:/Users/CC/.m2/repository/com/github/almasb/fxgl/17.3/fxgl-17.3.jar!/fxglassets/languages/english.lang
19:12:38.860 [FXGL Background Thread 4 ] DEBUG FXGLApplication      - Loading fonts
19:12:38.861 [FXGL Background Thread 4 ] DEBUG FXGLAssetLoaderServi - Loading from file system: jar:file:///C:/Users/CC/.m2/repository/com/github/almasb/fxgl/17.3/fxgl-17.3.jar!/fxglassets/ui/fonts/VarelaRound-Regular.ttf
19:12:38.877 [FXGL Background Thread 1 ] INFO  FXGLApplication      - FXGL initialization took: 0,456 sec
19:12:38.885 [JavaFX Application Thread] DEBUG Input                - Registered new binding: action0 - D
19:12:38.886 [JavaFX Application Thread] DEBUG Input                - Registered new binding: action1 - A
19:12:38.886 [JavaFX Application Thread] DEBUG Input                - Registered new binding: action2 - W
19:12:38.886 [JavaFX Application Thread] DEBUG Input                - Registered new binding: action3 - S
19:12:38.886 [JavaFX Application Thread] DEBUG FXGLAssetLoaderServi - Loading from file system: jar:file:///C:/Users/CC/.m2/repository/com/github/almasb/fxgl/17.3/fxgl-17.3.jar!/fxglassets/textures/fxgl_icon.png
19:12:38.902 [JavaFX Application Thread] DEBUG FXGLAssetLoaderServi - Loading from file system: jar:file:///C:/Users/CC/.m2/repository/com/github/almasb/fxgl/17.3/fxgl-17.3.jar!/fxglassets/textures/fxgl_default_cursor.png
19:12:38.904 [JavaFX Application Thread] DEBUG Input                - Registered new binding: Screenshot - CTRL+8
19:12:38.904 [JavaFX Application Thread] DEBUG Input                - Registered new binding: System info dump - CTRL+9
19:12:38.904 [JavaFX Application Thread] DEBUG Input                - Registered new binding: Restart - CTRL+R
19:12:38.905 [JavaFX Application Thread] DEBUG Input                - Registered new binding: Toggle Debug Camera - CTRL+7
19:12:38.906 [JavaFX Application Thread] DEBUG LoopRunner           - Starting loop
19:12:38.906 [JavaFX Application Thread] DEBUG LoopRunner           - Initializing JavaFX AnimationTimerLoop
19:12:38.907 [JavaFX Application Thread] DEBUG GameApplicationServi - Starting new game
19:12:38.908 [JavaFX Application Thread] DEBUG Input                - Clearing active input actions
19:12:38.916 [JavaFX Application Thread] DEBUG GameApplicationServi - Removing overlay from FXGLStartupScene and adding to FXGLLoadingScene
19:12:38.916 [JavaFX Application Thread] DEBUG PrimaryStageWindow   - FXGLStartupScene -> FXGLLoadingScene
19:12:38.916 [JavaFX Application Thread] DEBUG GameApplicationServi - Clearing previous game
19:12:38.916 [JavaFX Application Thread] DEBUG GameScene            - Clearing game scene
19:12:38.916 [JavaFX Application Thread] DEBUG GameWorld            - Clearing game world
19:12:38.916 [JavaFX Application Thread] DEBUG PhysicsWorld         - Clearing physics world
19:12:38.945 [FXGL Background Thread 1 ] DEBUG FXGLApplication      - Initializing game
19:12:38.950 [FXGL Background Thread 4 ] DEBUG FXGLAssetLoaderServi - Loading from file system: jar:file:///C:/Users/CC/.m2/repository/com/github/almasb/fxgl/17.3/fxgl-17.3.jar!/fxglassets/ui/fonts/Abel-Regular.ttf
19:12:38.952 [FXGL Background Thread 4 ] DEBUG FXGLAssetLoaderServi - Loading from file system: jar:file:///C:/Users/CC/.m2/repository/com/github/almasb/fxgl/17.3/fxgl-17.3.jar!/fxglassets/ui/fonts/TerminalLandMono-Regular.otf
19:12:38.954 [FXGL Background Thread 4 ] DEBUG FXGLAssetLoaderServi - Loading from file system: jar:file:///C:/Users/CC/.m2/repository/com/github/almasb/fxgl/17.3/fxgl-17.3.jar!/fxglassets/ui/fonts/Courier-Prime.ttf
19:12:38.958 [FXGL Background Thread 1 ] WARN  FXGLAssetLoaderServi - Asset "/assets/textures/ball.png" was not found!
19:12:38.958 [FXGL Background Thread 1 ] WARN  FXGLAssetLoaderServi - Failed to load IMAGE
19:12:39.010 [JavaFX Application Thread] DEBUG FXGLApplication      - Registering font factories with UI factory
19:12:39.075 [FXGL Background Thread 1 ] INFO  FXGLApplication      - Game initialization took: 0,130 sec
19:12:39.103 [JavaFX Application Thread] DEBUG Input                - Clearing active input actions
19:12:39.112 [JavaFX Application Thread] DEBUG GameApplicationServi - Removing overlay from FXGLLoadingScene and adding to GameScene
19:12:39.112 [JavaFX Application Thread] DEBUG PrimaryStageWindow   - FXGLLoadingScene -> GameScene
19:12:39.333 [FXGL Background Thread 2 ] INFO  UpdaterService       - Your current version:  17.3
19:12:39.333 [FXGL Background Thread 2 ] INFO  UpdaterService       - Latest stable version: 21
19:12:41.843 [JavaFX Application Thread] DEBUG FXGLApplication      - Exiting FXGL
19:12:41.843 [JavaFX Application Thread] DEBUG LoopRunner           - Stopping loop
19:12:41.843 [JavaFX Application Thread] DEBUG SystemBundleService  - Saving FXGL system data
19:12:41.845 [JavaFX Application Thread] DEBUG FileSystemAccess     - Writing to: C:\Users\CC\Desktop\GameJava\system\fxgl.bundle
19:12:41.847 [JavaFX Application Thread] DEBUG Async                - Shutting down background threads
19:12:41.847 [JavaFX Application Thread] DEBUG PrimaryStageWindow   - Closing main window
19:12:41.855 [JavaFX Application Thread] DEBUG Logger               - Closing Logger
