19:32:39.703 [main                     ] DEBUG Logger               - Configured Logger
19:32:39.726 [main                     ] DEBUG GameApplication      - Logging settings
Title: Basic Game App
Version: 0.1
Width: 600
Height: 600
Fullscreen: false
Intro: false
Profiling: false
Single step:false
App Mode: DEVELOPER
Menu Key: ESCAPE
Stage Style: DECORATED
Scene Factory: class com.almasb.fxgl.app.scene.SceneFactory

19:32:39.957 [JavaFX Application Thread] DEBUG FXGLApplication      - Initializing FXGL
19:32:39.961 [JavaFX Application Thread] INFO  Engine               - FXGL-17.3 (30.03.2023 11.49) on WINDOWS (J:21.0.1 FX:21)
19:32:39.961 [JavaFX Application Thread] DEBUG Engine               - JRE Vendor Name: Oracle Corporation
19:32:39.962 [JavaFX Application Thread] DEBUG Engine               - Running on OS: Windows 10 version 10.0
19:32:39.962 [JavaFX Application Thread] DEBUG Engine               - Architecture: amd64
19:32:39.962 [JavaFX Application Thread] INFO  Engine               - Source code and latest versions at: https://github.com/AlmasB/FXGL
19:32:39.962 [JavaFX Application Thread] INFO  Engine               -       Ask questions and discuss at: https://github.com/AlmasB/FXGL/discussions
19:32:39.962 [JavaFX Application Thread] INFO  Engine               -              Join the FXGL chat at: https://gitter.im/AlmasB/FXGL
19:32:40.050 [JavaFX Application Thread] DEBUG PrimaryStageWindow   - Creating a JavaFX scene
19:32:40.092 [JavaFX Application Thread] DEBUG PrimaryStageWindow   - Target settings size: 600.0 x 600.0
19:32:40.092 [JavaFX Application Thread] DEBUG PrimaryStageWindow   - Scaled scene size:    600.0 x 600.0
19:32:40.092 [JavaFX Application Thread] DEBUG PrimaryStageWindow   - Scaled ratio: (1.0, 1.0)
19:32:40.093 [JavaFX Application Thread] DEBUG PrimaryStageWindow   - Set initial scene to FXGLStartupScene
19:32:40.096 [JavaFX Application Thread] DEBUG PrimaryStageWindow   - Opening main window
19:32:40.153 [JavaFX Application Thread] DEBUG PrimaryStageWindow   - Window border size: (16.0, 39.0)
19:32:40.153 [JavaFX Application Thread] DEBUG PrimaryStageWindow   - Scaled size: 600.0 x 600.0
19:32:40.153 [JavaFX Application Thread] DEBUG PrimaryStageWindow   - Scaled ratio: (1.0, 1.0)
19:32:40.153 [JavaFX Application Thread] DEBUG PrimaryStageWindow   - Scene size: 600.0 x 600.0
19:32:40.153 [JavaFX Application Thread] DEBUG PrimaryStageWindow   - Stage size: 616.0 x 639.0
19:32:40.162 [FXGL Background Thread 1 ] DEBUG Engine               - Initializing environment variables
19:32:40.226 [FXGL Background Thread 1 ] DEBUG FXGLAssetLoaderServi - User app class for loading assets: class com.fx.gamejava.GameApp
19:32:40.226 [FXGL Background Thread 1 ] DEBUG GameApplicationServi - Applying CSS: fxgl_dark.css
19:32:40.227 [FXGL Background Thread 1 ] DEBUG FXGLAssetLoaderServi - Loading from file system: jar:file:///C:/Users/CC/.m2/repository/com/github/almasb/fxgl/17.3/fxgl-17.3.jar!/fxglassets/ui/css/fxgl_dark.css
19:32:40.272 [FXGL Background Thread 1 ] DEBUG GameApplicationServi - Initializing application scenes
19:32:40.343 [FXGL Background Thread 1 ] DEBUG GameWorld            - Game world initialized
19:32:40.406 [FXGL Background Thread 1 ] DEBUG PhysicsWorld         - Physics world initialized: appHeight=600, physics.ppm=50,0
19:32:40.407 [FXGL Background Thread 1 ] DEBUG PhysicsWorld         - Using strategy: BRUTE_FORCE
19:32:40.410 [FXGL Background Thread 1 ] DEBUG GameScene            - Game scene initialized: 600x600
19:32:40.422 [FXGL Background Thread 1 ] WARN  FXGL.DefaultMenu     - FXGLDefaultMenu is not designed for resolutions < 800x600
19:32:40.422 [FXGL Background Thread 1 ] DEBUG FXGL.DefaultMenu     - createMenuBodyGameMenu()
19:32:40.437 [FXGL Background Thread 1 ] DEBUG FXGL.DefaultMenu     - createOptionsMenu()
19:32:40.447 [FXGL Background Thread 1 ] DEBUG FXGLAssetLoaderServi - Loading from file system: jar:file:///C:/Users/CC/.m2/repository/com/github/almasb/fxgl/17.3/fxgl-17.3.jar!/fxglassets/textures/particles/smoke.png
19:32:40.527 [FXGL Background Thread 1 ] DEBUG FXGLAssetLoaderServi - Loading from file system: jar:file:///C:/Users/CC/.m2/repository/com/github/almasb/fxgl/17.3/fxgl-17.3.jar!/fxglassets/textures/particles/trace_horizontal.png
19:32:40.551 [FXGL Background Thread 1 ] DEBUG GameApplicationServi - Application scenes initialized
19:32:40.563 [FXGL Background Thread 1 ] DEBUG SystemBundleService  - Loading FXGL system data
19:32:40.567 [FXGL Background Thread 1 ] DEBUG FileSystemAccess     - Reading from: C:\Users\CC\Desktop\GameJava\system\fxgl.bundle
19:32:40.576 [FXGL Background Thread 1 ] DEBUG SystemBundleService  - Bundle FXGL: {}
19:32:40.576 [FXGL Background Thread 1 ] DEBUG UpdaterService       - Checking for updates
19:32:40.580 [FXGL Background Thread 1 ] DEBUG FXGLApplication      - Loading default localization
19:32:40.580 [FXGL Background Thread 1 ] DEBUG FXGLAssetLoaderServi - Loading from file system: jar:file:///C:/Users/CC/.m2/repository/com/github/almasb/fxgl/17.3/fxgl-17.3.jar!/fxglassets/languages/english.lang
19:32:40.582 [FXGL Background Thread 4 ] DEBUG FXGLApplication      - Loading fonts
19:32:40.582 [FXGL Background Thread 4 ] DEBUG FXGLAssetLoaderServi - Loading from file system: jar:file:///C:/Users/CC/.m2/repository/com/github/almasb/fxgl/17.3/fxgl-17.3.jar!/fxglassets/ui/fonts/VarelaRound-Regular.ttf
19:32:40.602 [FXGL Background Thread 1 ] INFO  FXGLApplication      - FXGL initialization took: 0,440 sec
19:32:40.610 [FXGL Background Thread 4 ] DEBUG FXGLAssetLoaderServi - Loading from file system: jar:file:///C:/Users/CC/.m2/repository/com/github/almasb/fxgl/17.3/fxgl-17.3.jar!/fxglassets/ui/fonts/Abel-Regular.ttf
19:32:40.610 [JavaFX Application Thread] DEBUG Input                - Registered new binding: action0 - D
19:32:40.611 [JavaFX Application Thread] DEBUG Input                - Registered new binding: action1 - A
19:32:40.611 [JavaFX Application Thread] DEBUG Input                - Registered new binding: action2 - W
19:32:40.611 [JavaFX Application Thread] DEBUG Input                - Registered new binding: action3 - S
19:32:40.611 [JavaFX Application Thread] DEBUG FXGLAssetLoaderServi - Loading from file system: jar:file:///C:/Users/CC/.m2/repository/com/github/almasb/fxgl/17.3/fxgl-17.3.jar!/fxglassets/textures/fxgl_icon.png
19:32:40.612 [FXGL Background Thread 4 ] DEBUG FXGLAssetLoaderServi - Loading from file system: jar:file:///C:/Users/CC/.m2/repository/com/github/almasb/fxgl/17.3/fxgl-17.3.jar!/fxglassets/ui/fonts/TerminalLandMono-Regular.otf
19:32:40.614 [FXGL Background Thread 4 ] DEBUG FXGLAssetLoaderServi - Loading from file system: jar:file:///C:/Users/CC/.m2/repository/com/github/almasb/fxgl/17.3/fxgl-17.3.jar!/fxglassets/ui/fonts/Courier-Prime.ttf
19:32:40.625 [JavaFX Application Thread] DEBUG FXGLAssetLoaderServi - Loading from file system: jar:file:///C:/Users/CC/.m2/repository/com/github/almasb/fxgl/17.3/fxgl-17.3.jar!/fxglassets/textures/fxgl_default_cursor.png
19:32:40.626 [JavaFX Application Thread] DEBUG Input                - Registered new binding: Screenshot - CTRL+8
19:32:40.627 [JavaFX Application Thread] DEBUG Input                - Registered new binding: System info dump - CTRL+9
19:32:40.627 [JavaFX Application Thread] DEBUG Input                - Registered new binding: Restart - CTRL+R
19:32:40.627 [JavaFX Application Thread] DEBUG Input                - Registered new binding: Toggle Debug Camera - CTRL+7
19:32:40.629 [JavaFX Application Thread] DEBUG LoopRunner           - Starting loop
19:32:40.629 [JavaFX Application Thread] DEBUG LoopRunner           - Initializing JavaFX AnimationTimerLoop
19:32:40.630 [JavaFX Application Thread] DEBUG GameApplicationServi - Starting new game
19:32:40.631 [JavaFX Application Thread] DEBUG Input                - Clearing active input actions
19:32:40.640 [JavaFX Application Thread] DEBUG GameApplicationServi - Removing overlay from FXGLStartupScene and adding to FXGLLoadingScene
19:32:40.641 [JavaFX Application Thread] DEBUG PrimaryStageWindow   - FXGLStartupScene -> FXGLLoadingScene
19:32:40.642 [JavaFX Application Thread] DEBUG GameApplicationServi - Clearing previous game
19:32:40.642 [JavaFX Application Thread] DEBUG GameScene            - Clearing game scene
19:32:40.642 [JavaFX Application Thread] DEBUG GameWorld            - Clearing game world
19:32:40.642 [JavaFX Application Thread] DEBUG PhysicsWorld         - Clearing physics world
19:32:40.643 [JavaFX Application Thread] DEBUG FXGLApplication      - Registering font factories with UI factory
19:32:40.646 [FXGL Background Thread 4 ] DEBUG FXGLAssetLoaderServi - Loading from file system: file:/C:/Users/CC/Desktop/GameJava/target/classes/assets/textures/ball.png
19:32:40.674 [FXGL Background Thread 4 ] DEBUG FXGLAssetLoaderServi - Loading from file system: file:/C:/Users/CC/Desktop/GameJava/target/classes/assets/textures/brick.png
19:32:40.675 [FXGL Background Thread 4 ] INFO  FXGLApplication      - Game initialization took: 0,032 sec
19:32:40.676 [JavaFX Application Thread] DEBUG Input                - Clearing active input actions
19:32:40.683 [JavaFX Application Thread] DEBUG GameApplicationServi - Removing overlay from FXGLLoadingScene and adding to GameScene
19:32:40.683 [JavaFX Application Thread] DEBUG PrimaryStageWindow   - FXGLLoadingScene -> GameScene
19:32:41.086 [FXGL Background Thread 2 ] INFO  UpdaterService       - Your current version:  17.3
19:32:41.086 [FXGL Background Thread 2 ] INFO  UpdaterService       - Latest stable version: 21
19:32:43.581 [FXGL Background Thread 3 ] DEBUG Engine               - Logging environment variables
19:32:43.581 [FXGL Background Thread 3 ] DEBUG Engine               - achievements: []
19:32:43.581 [FXGL Background Thread 3 ] DEBUG Engine               - actualHeight: 600.0
19:32:43.581 [FXGL Background Thread 3 ] DEBUG Engine               - actualHeightProperty: ReadOnlyDoubleProperty [value: 600.0]
19:32:43.581 [FXGL Background Thread 3 ] DEBUG Engine               - actualWidth: 600.0
19:32:43.582 [FXGL Background Thread 3 ] DEBUG Engine               - actualWidthProperty: ReadOnlyDoubleProperty [value: 600.0]
19:32:43.582 [FXGL Background Thread 3 ] DEBUG Engine               - appIcon: fxgl_icon.png
19:32:43.582 [FXGL Background Thread 3 ] DEBUG Engine               - applicationMode: DEVELOPER
19:32:43.582 [FXGL Background Thread 3 ] DEBUG Engine               - cSSList: [fxgl_dark.css]
19:32:43.582 [FXGL Background Thread 3 ] DEBUG Engine               - collisionDetectionStrategy: BRUTE_FORCE
19:32:43.582 [FXGL Background Thread 3 ] DEBUG Engine               - configClass: Optional.empty
19:32:43.582 [FXGL Background Thread 3 ] DEBUG Engine               - credits: []
19:32:43.582 [FXGL Background Thread 3 ] DEBUG Engine               - defaultCursor: CursorInfo(imageName=fxgl_default_cursor.png, hotspotX=7.0, hotspotY=6.0)
19:32:43.582 [FXGL Background Thread 3 ] DEBUG Engine               - devBBoxColorProperty: ObjectProperty [value: 0xff0000ff]
19:32:43.582 [FXGL Background Thread 3 ] DEBUG Engine               - devEnableDebugCameraProperty: BooleanProperty [value: false]
19:32:43.583 [FXGL Background Thread 3 ] DEBUG Engine               - devSensorColorProperty: ObjectProperty [value: 0xffff00ff]
19:32:43.583 [FXGL Background Thread 3 ] DEBUG Engine               - devShowBBoxProperty: BooleanProperty [value: false]
19:32:43.583 [FXGL Background Thread 3 ] DEBUG Engine               - devShowPositionProperty: BooleanProperty [value: false]
19:32:43.583 [FXGL Background Thread 3 ] DEBUG Engine               - enabledMenuItems: []
19:32:43.583 [FXGL Background Thread 3 ] DEBUG Engine               - engineServices: [class com.almasb.fxgl.app.services.FXGLAssetLoaderService, class com.almasb.fxgl.app.FXGLApplication$GameApplicationService, class com.almasb.fxgl.app.services.FXGLDialogService, class com.almasb.fxgl.app.services.IOTaskExecutorService, class com.almasb.fxgl.io.FileSystemService, class com.almasb.fxgl.localization.LocalizationService, class com.almasb.fxgl.app.services.SystemBundleService, class com.almasb.fxgl.profile.SaveLoadService, class com.almasb.fxgl.ui.FXGLUIFactoryServiceProvider, class com.almasb.fxgl.ui.FXGLDialogFactoryServiceProvider, class com.almasb.fxgl.audio.AudioPlayer, class com.almasb.fxgl.notification.impl.NotificationServiceProvider, class com.almasb.fxgl.achievement.AchievementService, class com.almasb.fxgl.cutscene.CutsceneService, class com.almasb.fxgl.minigames.MiniGameService, class com.almasb.fxgl.net.NetService, class com.almasb.fxgl.app.services.UpdaterService, class com.almasb.fxgl.dev.DevService]
19:32:43.583 [FXGL Background Thread 3 ] DEBUG Engine               - fontGame: Abel-Regular.ttf
19:32:43.583 [FXGL Background Thread 3 ] DEBUG Engine               - fontMono: TerminalLandMono-Regular.otf
19:32:43.583 [FXGL Background Thread 3 ] DEBUG Engine               - fontSizeScaleUI: 1.0
19:32:43.583 [FXGL Background Thread 3 ] DEBUG Engine               - fontText: Courier-Prime.ttf
19:32:43.583 [FXGL Background Thread 3 ] DEBUG Engine               - fontUI: VarelaRound-Regular.ttf
19:32:43.583 [FXGL Background Thread 3 ] DEBUG Engine               - fullScreen: BooleanProperty [value: false]
19:32:43.583 [FXGL Background Thread 3 ] DEBUG Engine               - gameDifficulty: MEDIUM
19:32:43.583 [FXGL Background Thread 3 ] DEBUG Engine               - gameDifficultyProperty: ObjectProperty [value: MEDIUM]
19:32:43.583 [FXGL Background Thread 3 ] DEBUG Engine               - globalMusicVolume: 0.5
19:32:43.584 [FXGL Background Thread 3 ] DEBUG Engine               - globalMusicVolumeProperty: DoubleProperty [value: 0.5]
19:32:43.584 [FXGL Background Thread 3 ] DEBUG Engine               - globalSoundVolume: 0.5
19:32:43.584 [FXGL Background Thread 3 ] DEBUG Engine               - globalSoundVolumeProperty: DoubleProperty [value: 0.5]
19:32:43.584 [FXGL Background Thread 3 ] DEBUG Engine               - height: 600
19:32:43.584 [FXGL Background Thread 3 ] DEBUG Engine               - is3D: false
19:32:43.584 [FXGL Background Thread 3 ] DEBUG Engine               - isAndroid: false
19:32:43.584 [FXGL Background Thread 3 ] DEBUG Engine               - isBrowser: false
19:32:43.584 [FXGL Background Thread 3 ] DEBUG Engine               - isClickFeedbackEnabled: false
19:32:43.584 [FXGL Background Thread 3 ] DEBUG Engine               - isCloseConfirmation: false
19:32:43.584 [FXGL Background Thread 3 ] DEBUG Engine               - isDesktop: true
19:32:43.584 [FXGL Background Thread 3 ] DEBUG Engine               - isDeveloperMenuEnabled: false
19:32:43.584 [FXGL Background Thread 3 ] DEBUG Engine               - isEmbedded: false
19:32:43.584 [FXGL Background Thread 3 ] DEBUG Engine               - isEntityPreloadEnabled: true
19:32:43.584 [FXGL Background Thread 3 ] DEBUG Engine               - isExperimentalTiledLargeMap: false
19:32:43.584 [FXGL Background Thread 3 ] DEBUG Engine               - isFileSystemWriteAllowed: true
19:32:43.584 [FXGL Background Thread 3 ] DEBUG Engine               - isFullScreenAllowed: false
19:32:43.584 [FXGL Background Thread 3 ] DEBUG Engine               - isFullScreenFromStart: false
19:32:43.584 [FXGL Background Thread 3 ] DEBUG Engine               - isGameMenuEnabled: true
19:32:43.585 [FXGL Background Thread 3 ] DEBUG Engine               - isIOS: false
19:32:43.585 [FXGL Background Thread 3 ] DEBUG Engine               - isIntroEnabled: false
19:32:43.585 [FXGL Background Thread 3 ] DEBUG Engine               - isLinux: false
19:32:43.585 [FXGL Background Thread 3 ] DEBUG Engine               - isMac: false
19:32:43.585 [FXGL Background Thread 3 ] DEBUG Engine               - isMainMenuEnabled: false
19:32:43.585 [FXGL Background Thread 3 ] DEBUG Engine               - isManualResizeEnabled: false
19:32:43.585 [FXGL Background Thread 3 ] DEBUG Engine               - isMobile: false
19:32:43.585 [FXGL Background Thread 3 ] DEBUG Engine               - isNative: false
19:32:43.585 [FXGL Background Thread 3 ] DEBUG Engine               - isPauseMusicWhenMinimized: true
19:32:43.585 [FXGL Background Thread 3 ] DEBUG Engine               - isPreserveResizeRatio: false
19:32:43.585 [FXGL Background Thread 3 ] DEBUG Engine               - isProfilingEnabled: false
19:32:43.585 [FXGL Background Thread 3 ] DEBUG Engine               - isScaleAffectedOnResize: true
19:32:43.585 [FXGL Background Thread 3 ] DEBUG Engine               - isSingleStep: false
19:32:43.585 [FXGL Background Thread 3 ] DEBUG Engine               - isUserProfileEnabled: false
19:32:43.585 [FXGL Background Thread 3 ] DEBUG Engine               - isWindows: true
19:32:43.585 [FXGL Background Thread 3 ] DEBUG Engine               - language: ObjectProperty [value: ENGLISH]
19:32:43.585 [FXGL Background Thread 3 ] DEBUG Engine               - menuKey: ESCAPE
19:32:43.586 [FXGL Background Thread 3 ] DEBUG Engine               - mouseSensitivity: 0.2
19:32:43.586 [FXGL Background Thread 3 ] DEBUG Engine               - notificationViewClass: class com.almasb.fxgl.notification.view.XboxNotificationView
19:32:43.586 [FXGL Background Thread 3 ] DEBUG Engine               - pixelsPerMeter: 50.0
19:32:43.586 [FXGL Background Thread 3 ] DEBUG Engine               - platform: WINDOWS
19:32:43.586 [FXGL Background Thread 3 ] DEBUG Engine               - prefHeightProperty: ReadOnlyDoubleProperty [value: 600.0]
19:32:43.586 [FXGL Background Thread 3 ] DEBUG Engine               - prefWidthProperty: ReadOnlyDoubleProperty [value: 600.0]
19:32:43.586 [FXGL Background Thread 3 ] DEBUG Engine               - profileDir: profiles/
19:32:43.586 [FXGL Background Thread 3 ] DEBUG Engine               - profileName: StringProperty [value: DEFAULT]
19:32:43.586 [FXGL Background Thread 3 ] DEBUG Engine               - randomSeed: -1
19:32:43.586 [FXGL Background Thread 3 ] DEBUG Engine               - runtimeInfo: RuntimeInfo(platform=WINDOWS, version=17.3, build=30.03.2023 11.49)
19:32:43.586 [FXGL Background Thread 3 ] DEBUG Engine               - saveFileExt: sav
19:32:43.586 [FXGL Background Thread 3 ] DEBUG Engine               - scaledHeightProp$fxgl: DoubleProperty [bound, value: 600.0]
19:32:43.586 [FXGL Background Thread 3 ] DEBUG Engine               - scaledWidthProp$fxgl: DoubleProperty [bound, value: 600.0]
19:32:43.587 [FXGL Background Thread 3 ] DEBUG Engine               - sceneFactory: com.almasb.fxgl.app.scene.SceneFactory@13c9ae4e
19:32:43.587 [FXGL Background Thread 3 ] DEBUG Engine               - secondsIn24h: 60
19:32:43.587 [FXGL Background Thread 3 ] DEBUG Engine               - soundMenuBack: menu/back.wav
19:32:43.587 [FXGL Background Thread 3 ] DEBUG Engine               - soundMenuPress: menu/press.wav
19:32:43.587 [FXGL Background Thread 3 ] DEBUG Engine               - soundMenuSelect: menu/select.wav
19:32:43.587 [FXGL Background Thread 3 ] DEBUG Engine               - soundNotification: core/notification.wav
19:32:43.587 [FXGL Background Thread 3 ] DEBUG Engine               - stageStyle: DECORATED
19:32:43.587 [FXGL Background Thread 3 ] DEBUG Engine               - supportedLanguages: [ENGLISH, FRENCH, GERMAN, HUNGARIAN, RUSSIAN]
19:32:43.587 [FXGL Background Thread 3 ] DEBUG Engine               - ticksPerSecond: -1
19:32:43.587 [FXGL Background Thread 3 ] DEBUG Engine               - title: Basic Game App
19:32:43.587 [FXGL Background Thread 3 ] DEBUG Engine               - urlGithub: https://github.com/AlmasB/FXGL
19:32:43.587 [FXGL Background Thread 3 ] DEBUG Engine               - urlLeaderboard: http://fxgl-top.herokuapp.com/
19:32:43.587 [FXGL Background Thread 3 ] DEBUG Engine               - urlPOM: https://raw.githubusercontent.com/AlmasB/FXGL/release/README.md
19:32:43.587 [FXGL Background Thread 3 ] DEBUG Engine               - userAppClass: class com.fx.gamejava.GameApp
19:32:43.587 [FXGL Background Thread 3 ] DEBUG Engine               - version: 0.1
19:32:43.587 [FXGL Background Thread 3 ] DEBUG Engine               - versionCheckDays: 7
19:32:43.587 [FXGL Background Thread 3 ] DEBUG Engine               - width: 600
19:32:43.587 [FXGL Background Thread 3 ] DEBUG Engine               - Logging services
19:32:43.587 [FXGL Background Thread 3 ] DEBUG Engine               - class com.almasb.fxgl.app.services.FXGLAssetLoaderService
19:32:43.587 [FXGL Background Thread 3 ] DEBUG Engine               - class com.almasb.fxgl.app.FXGLApplication$GameApplicationService
19:32:43.587 [FXGL Background Thread 3 ] DEBUG Engine               - class com.almasb.fxgl.app.services.FXGLDialogService
19:32:43.588 [FXGL Background Thread 3 ] DEBUG Engine               - class com.almasb.fxgl.app.services.IOTaskExecutorService
19:32:43.588 [FXGL Background Thread 3 ] DEBUG Engine               - class com.almasb.fxgl.io.FileSystemService
19:32:43.588 [FXGL Background Thread 3 ] DEBUG Engine               - class com.almasb.fxgl.localization.LocalizationService
19:32:43.588 [FXGL Background Thread 3 ] DEBUG Engine               - class com.almasb.fxgl.app.services.SystemBundleService
19:32:43.588 [FXGL Background Thread 3 ] DEBUG Engine               - class com.almasb.fxgl.profile.SaveLoadService
19:32:43.588 [FXGL Background Thread 3 ] DEBUG Engine               - class com.almasb.fxgl.ui.FXGLUIFactoryServiceProvider
19:32:43.588 [FXGL Background Thread 3 ] DEBUG Engine               - class com.almasb.fxgl.ui.FXGLDialogFactoryServiceProvider
19:32:43.588 [FXGL Background Thread 3 ] DEBUG Engine               - class com.almasb.fxgl.audio.AudioPlayer
19:32:43.588 [FXGL Background Thread 3 ] DEBUG Engine               - class com.almasb.fxgl.notification.impl.NotificationServiceProvider
19:32:43.588 [FXGL Background Thread 3 ] DEBUG Engine               - class com.almasb.fxgl.achievement.AchievementService
19:32:43.588 [FXGL Background Thread 3 ] DEBUG Engine               - class com.almasb.fxgl.cutscene.CutsceneService
19:32:43.588 [FXGL Background Thread 3 ] DEBUG Engine               - class com.almasb.fxgl.minigames.MiniGameService
19:32:43.588 [FXGL Background Thread 3 ] DEBUG Engine               - class com.almasb.fxgl.net.NetService
19:32:43.588 [FXGL Background Thread 3 ] DEBUG Engine               - class com.almasb.fxgl.app.services.UpdaterService
19:32:43.588 [FXGL Background Thread 3 ] DEBUG Engine               - class com.almasb.fxgl.dev.DevService
19:32:58.122 [JavaFX Application Thread] DEBUG FXGLApplication      - Exiting FXGL
19:32:58.122 [JavaFX Application Thread] DEBUG LoopRunner           - Stopping loop
19:32:58.122 [JavaFX Application Thread] DEBUG SystemBundleService  - Saving FXGL system data
19:32:58.124 [JavaFX Application Thread] DEBUG FileSystemAccess     - Writing to: C:\Users\CC\Desktop\GameJava\system\fxgl.bundle
19:32:58.126 [JavaFX Application Thread] DEBUG Async                - Shutting down background threads
19:32:58.126 [JavaFX Application Thread] DEBUG PrimaryStageWindow   - Closing main window
19:32:58.140 [JavaFX Application Thread] DEBUG Logger               - Closing Logger
